Arguments: 
  /home/linuxbrew/.linuxbrew/Cellar/node/14.14.0/bin/node /home/linuxbrew/.linuxbrew/Cellar/yarn/1.22.10/libexec/bin/yarn.js add --dev @types/to-array-buffer

PATH: 
  /home/kit/.nix-profile/bin:/home/kit/.serverless/bin:/home/kit/.vscode-server/bin/e5a624b788d92b8d34d1392e4c4d9789406efe8f/bin:/home/linuxbrew/.linuxbrew/opt/mysql@5.7/bin:/home/kit/.cargo/bin:/home/kit/.yarn/bin:/home/kit/.pyenv/versions/3.7.2/bin:/home/kit/.ebcli-virtual-env/executables:/home/linuxbrew/.linuxbrew/bin:/home/linuxbrew/.linuxbrew/sbin:/home/kit/.serverless/bin:/usr/local/bin:/usr/bin:/bin:/usr/local/games:/usr/games:/home/kit/.local/bin:/home/kit/go/bin:/home/kit/bin:/home/kit/.local/bin:/home/kit/go/bin:/home/kit/bin

Yarn version: 
  1.22.10

Node version: 
  14.14.0

Platform: 
  linux x64

Trace: 
  Error: https://registry.yarnpkg.com/@types%2fto-array-buffer: Not found
      at Request.params.callback [as _callback] (/home/linuxbrew/.linuxbrew/Cellar/yarn/1.22.10/libexec/lib/cli.js:66988:18)
      at Request.self.callback (/home/linuxbrew/.linuxbrew/Cellar/yarn/1.22.10/libexec/lib/cli.js:140749:22)
      at Request.emit (events.js:315:20)
      at Request.<anonymous> (/home/linuxbrew/.linuxbrew/Cellar/yarn/1.22.10/libexec/lib/cli.js:141721:10)
      at Request.emit (events.js:315:20)
      at IncomingMessage.<anonymous> (/home/linuxbrew/.linuxbrew/Cellar/yarn/1.22.10/libexec/lib/cli.js:141643:12)
      at Object.onceWrapper (events.js:421:28)
      at IncomingMessage.emit (events.js:327:22)
      at endReadableNT (_stream_readable.js:1327:12)
      at processTicksAndRejections (internal/process/task_queues.js:80:21)

npm manifest: 
  {
    "name": "compute-starter-kit-assemblyscript-default",
    "version": "1.0.0",
    "description": "Default package starter kit for AssemblyScript based Compute@Edge projects",
    "main": "src/index.ts",
    "repository": {
      "type": "git",
      "url": "git+https://github.com/fastly/compute-starter-kit-assemblyscript-default.git"
    },
    "keywords": [],
    "author": "oss@fastly.com",
    "license": "MIT",
    "bugs": {
      "url": "https://github.com/fastly/compute-starter-kit-assemblyscript-default/issues"
    },
    "homepage": "https://github.com/fastly/compute-starter-kit-assemblyscript-default#readme",
    "devDependencies": {
      "@types/node": "^14.14.10",
      "assemblyscript": "^0.14.11"
    },
    "dependencies": {
      "@fastly/as-compute": "^0.1.1",
      "as-wasi": "^0.4.4",
      "assemblyscript-json": "^0.3.3",
      "string-to-arraybuffer": "^1.0.2"
    },
    "scripts": {
      "asbuild:untouched": "asc assembly/index.ts --target debug",
      "asbuild:optimized": "asc assembly/index.ts --target release",
      "asbuild": "npm run asbuild:untouched && npm run asbuild:optimized"
    }
  }

yarn manifest: 
  No manifest

Lockfile: 
  # THIS IS AN AUTOGENERATED FILE. DO NOT EDIT THIS FILE DIRECTLY.
  # yarn lockfile v1
  
  
  "@fastly/as-compute@^0.1.1":
    version "0.1.3"
    resolved "https://registry.yarnpkg.com/@fastly/as-compute/-/as-compute-0.1.3.tgz#150fe2f2f013028108fd350ecdd049025e54050d"
    integrity sha512-acOjkZYr7VDGFlHCTBKQaZ3kgdjs7gUVGthjk2ddP+k7ncidtWQNpgbWc630L+UgXpRnCPMS1jPAfpBT7fX8PQ==
    dependencies:
      "@fastly/as-fetch" "0.1.1"
  
  "@fastly/as-fetch@0.1.1":
    version "0.1.1"
    resolved "https://registry.yarnpkg.com/@fastly/as-fetch/-/as-fetch-0.1.1.tgz#b7fec60b603684af60555dfdedf0b2848fa09546"
    integrity sha512-7ASrZQ2fIOlB2pGhxFby87tYi9c35CH0ICjB9bmQ3kkqWMCIfVWJ/eJLuyl7A6atbL3bqNMV9tQ0ujk0HCwVOA==
  
  "@types/node@^14.14.10":
    version "14.14.10"
    resolved "https://registry.yarnpkg.com/@types/node/-/node-14.14.10.tgz#5958a82e41863cfc71f2307b3748e3491ba03785"
    integrity sha512-J32dgx2hw8vXrSbu4ZlVhn1Nm3GbeCFNw2FWL8S5QKucHGY0cyNwjdQdO+KMBZ4wpmC7KhLCiNsdk1RFRIYUQQ==
  
  as-wasi@^0.4.4:
    version "0.4.4"
    resolved "https://registry.yarnpkg.com/as-wasi/-/as-wasi-0.4.4.tgz#3b439c25e975d8cc04f6deec898b57138862aa15"
    integrity sha512-CNeZ3AjKSjrFXRNDRzX1VzxsWz3Fwksn4g0J7tZv5RKz4agKhVlcl0QeMIOOkJms7DujCBCpbelGxNDtvlFKmw==
  
  assemblyscript-json@^0.3.3:
    version "0.3.3"
    resolved "https://registry.yarnpkg.com/assemblyscript-json/-/assemblyscript-json-0.3.3.tgz#cc2d05d432d5df290768c51f72a1f00ff8b52a0d"
    integrity sha512-TTYZK3rbfan7w5i0lv7bZS4rlXNDe8r/38kjzrQqF6dJaSE/fqSJOnpHsiBTtRgwkLRPL0NAen7ItD/3j9I6eg==
  
  assemblyscript@^0.14.11:
    version "0.14.13"
    resolved "https://registry.yarnpkg.com/assemblyscript/-/assemblyscript-0.14.13.tgz#91b5c5dd6011d279e0653f79846e58161b3f5607"
    integrity sha512-hV/2Zolfkzn55LrKymdsHLftkf8TXGf/ZDUooN10L9r1Zgf6yOIyIf/bgGq3A2l5lmUt669gk/Uwx2G0KCbCug==
    dependencies:
      binaryen "97.0.0-nightly.20200929"
      long "^4.0.0"
  
  atob-lite@^2.0.0:
    version "2.0.0"
    resolved "https://registry.yarnpkg.com/atob-lite/-/atob-lite-2.0.0.tgz#0fef5ad46f1bd7a8502c65727f0367d5ee43d696"
    integrity sha1-D+9a1G8b16hQLGVyfwNn1e5D1pY=
  
  binaryen@97.0.0-nightly.20200929:
    version "97.0.0-nightly.20200929"
    resolved "https://registry.yarnpkg.com/binaryen/-/binaryen-97.0.0-nightly.20200929.tgz#cee0cf2f8af4fad990d56ca3f57ec34502f3e974"
    integrity sha512-HQ7VTISqwfVOylWJAE2jIyhuO5zrxTD2Vvc0cwtXTUqfmlbZdt/Z0vxUZD+uFYHRLM0p9ddJc7RPVGsvPI2oEQ==
  
  is-base64@^0.1.0:
    version "0.1.0"
    resolved "https://registry.yarnpkg.com/is-base64/-/is-base64-0.1.0.tgz#a6f20610c6ef4863a51cba32bc0222544b932622"
    integrity sha512-WRRyllsGXJM7ZN7gPTCCQ/6wNPTRDwiWdPK66l5sJzcU/oOzcIcRRf0Rux8bkpox/1yjt0F6VJRsQOIG2qz5sg==
  
  long@^4.0.0:
    version "4.0.0"
    resolved "https://registry.yarnpkg.com/long/-/long-4.0.0.tgz#9a7b71cfb7d361a194ea555241c92f7468d5bf28"
    integrity sha512-XsP+KhQif4bjX1kbuSiySJFNAehNxgLb6hPRGJ9QsUr8ajHkuXGdrHmFUTUUXhDwVX2R5bY4JNZEwbUiMhV+MA==
  
  string-to-arraybuffer@^1.0.2:
    version "1.0.2"
    resolved "https://registry.yarnpkg.com/string-to-arraybuffer/-/string-to-arraybuffer-1.0.2.tgz#161147fbadea02e28b0935002cec4c40f1ca7f0a"
    integrity sha512-DaGZidzi93dwjQen5I2osxR9ERS/R7B1PFyufNMnzhj+fmlDQAc1DSDIJVJhgI8Oq221efIMbABUBdPHDRt43Q==
    dependencies:
      atob-lite "^2.0.0"
      is-base64 "^0.1.0"
